<?xml version="1.0" encoding="UTF-8"?>
<!-- Generated by org.testng.reporters.JUnitReportReporter -->
<testsuite skipped="0" hostname="WFMAC22.local" name="twitter.PostStatusesTest" tests="3" failures="0" timestamp="22 May 2018 15:00:07 GMT" time="1.274" errors="0">
  <testcase name="showTweet" time="0.260" classname="twitter.PostStatusesTest"/>
  <testcase name="postRequest" time="0.739" classname="twitter.PostStatusesTest"/>
  <testcase name="deleteTweet" time="0.275" classname="twitter.PostStatusesTest"/>
</testsuite> <!-- twitter.PostStatusesTest -->
