<?xml version="1.0" encoding="UTF-8"?>
<!-- Generated by org.testng.reporters.JUnitReportReporter -->
<testsuite skipped="0" hostname="Olasunkanmis-MacBook-Pro.local" name="twitter.CompleteTwitterWorkflowTest" tests="3" failures="0" timestamp="28 May 2018 15:08:41 GMT" time="3.565" errors="0">
  <testcase name="deleteTweet" time="0.367" classname="twitter.CompleteTwitterWorkflowTest"/>
  <testcase name="firstTweet" time="2.867" classname="twitter.CompleteTwitterWorkflowTest"/>
  <testcase name="showTweet" time="0.331" classname="twitter.CompleteTwitterWorkflowTest"/>
</testsuite> <!-- twitter.CompleteTwitterWorkflowTest -->
