<?xml version="1.0" encoding="UTF-8"?>
<!-- Generated by org.testng.reporters.JUnitReportReporter -->
<testsuite skipped="0" hostname="WFMAC22.local" name="com.frameworkBuilder.statuses.UserTimelineTest" tests="1" failures="0" timestamp="30 May 2018 16:52:42 GMT" time="2.819" errors="0">
  <testcase name="readTweetsTest" time="2.819" classname="com.frameworkBuilder.statuses.UserTimelineTest"/>
</testsuite> <!-- com.frameworkBuilder.statuses.UserTimelineTest -->
