<?xml version="1.0" encoding="UTF-8"?>
<!-- Generated by org.testng.reporters.JUnitReportReporter -->
<testsuite skipped="1" hostname="Olasunkanmis-MacBook-Pro.local" name="basics.GETRequestDemo" tests="2" failures="0" timestamp="16 May 2018 21:15:39 GMT" time="16.868" errors="0">
  <testcase name="getRequest" time="16.868" classname="basics.GETRequestDemo"/>
  <testcase name="getRequestBody" classname="basics.GETRequestDemo">
    <skipped/>
  </testcase> <!-- getRequestBody -->
</testsuite> <!-- basics.GETRequestDemo -->
