<?xml version="1.0" encoding="UTF-8"?>
<!-- Generated by org.testng.reporters.JUnitReportReporter -->
<testsuite skipped="1" hostname="Olasunkanmis-MacBook-Pro.local" name="basics.GETRequestTest" tests="2" failures="0" timestamp="22 May 2018 03:19:31 GMT" time="2.484" errors="0">
  <testcase name="getRequestBody" time="2.484" classname="basics.GETRequestTest"/>
  <testcase name="getRequest" classname="basics.GETRequestTest">
    <skipped/>
  </testcase> <!-- getRequest -->
</testsuite> <!-- basics.GETRequestTest -->
