<?xml version="1.0" encoding="UTF-8"?>
<!-- Generated by org.testng.reporters.JUnitReportReporter -->
<testsuite skipped="0" hostname="Olasunkanmis-MacBook-Pro.local" name="twitter.PostStatusesTest" tests="3" failures="0" timestamp="22 May 2018 20:47:58 GMT" time="4.012" errors="0">
  <testcase name="deleteTweet" time="0.367" classname="twitter.PostStatusesTest"/>
  <testcase name="postRequest" time="3.257" classname="twitter.PostStatusesTest"/>
  <testcase name="showTweet" time="0.388" classname="twitter.PostStatusesTest"/>
</testsuite> <!-- twitter.PostStatusesTest -->
