<?xml version="1.0" encoding="UTF-8"?>
<!-- Generated by org.testng.reporters.JUnitReportReporter -->
<testsuite skipped="1" hostname="Olasunkanmis-MacBook-Pro.local" name="basics.GETRequestTest" tests="2" failures="0" timestamp="20 May 2018 04:48:35 GMT" time="2.236" errors="0">
  <testcase name="getRequest" time="2.236" classname="basics.GETRequestTest"/>
  <testcase name="getRequestBody" classname="basics.GETRequestTest">
    <skipped/>
  </testcase> <!-- getRequestBody -->
</testsuite> <!-- basics.GETRequestTest -->
