<?xml version="1.0" encoding="UTF-8"?>
<!-- Generated by org.testng.reporters.JUnitReportReporter -->
<testsuite skipped="1" hostname="WFMAC22.local" name="basics.POSTRequest2Test" tests="3" failures="0" timestamp="22 May 2018 15:00:07 GMT" time="0.410" errors="0">
  <testcase name="getRequest" time="0.230" classname="basics.POSTRequest2Test"/>
  <testcase name="getRequestTwo" time="0.180" classname="basics.POSTRequest2Test"/>
  <testcase name="deleteRequest" classname="basics.POSTRequest2Test">
    <skipped/>
  </testcase> <!-- deleteRequest -->
</testsuite> <!-- basics.POSTRequest2Test -->
