<?xml version="1.0" encoding="UTF-8"?>
<!-- Generated by org.testng.reporters.JUnitReportReporter -->
<testsuite skipped="0" hostname="Olasunkanmis-MacBook-Pro.local" name="twitter.PostStatusesTest" tests="1" failures="0" timestamp="20 May 2018 16:12:31 GMT" time="3.296" errors="0">
  <testcase name="postRequest" time="3.296" classname="twitter.PostStatusesTest"/>
</testsuite> <!-- twitter.PostStatusesTest -->
