<?xml version="1.0" encoding="UTF-8"?>
<!-- Generated by org.testng.reporters.JUnitReportReporter -->
<testsuite skipped="2" hostname="WFMAC22.local" name="basics.POSTRequestTest" tests="3" failures="0" timestamp="22 May 2018 15:00:07 GMT" time="0.139" errors="0">
  <testcase name="getRequestTwo" time="0.139" classname="basics.POSTRequestTest"/>
  <testcase name="getRequest" classname="basics.POSTRequestTest">
    <skipped/>
  </testcase> <!-- getRequest -->
  <testcase name="deleteRequest" classname="basics.POSTRequestTest">
    <skipped/>
  </testcase> <!-- deleteRequest -->
</testsuite> <!-- basics.POSTRequestTest -->
