<?xml version="1.0" encoding="UTF-8"?>
<!-- Generated by org.testng.reporters.JUnitReportReporter -->
<testsuite skipped="0" hostname="WFMAC22.local" name="com.frameworkBuilder.statuses.TwitterEndtoEndTest" tests="3" failures="0" timestamp="31 May 2018 14:10:03 GMT" time="4.293" errors="0">
  <testcase name="showTweet" time="1.060" classname="com.frameworkBuilder.statuses.TwitterEndtoEndTest"/>
  <testcase name="postTweet" time="2.952" classname="com.frameworkBuilder.statuses.TwitterEndtoEndTest"/>
  <testcase name="deleteTweet" time="0.281" classname="com.frameworkBuilder.statuses.TwitterEndtoEndTest"/>
</testsuite> <!-- com.frameworkBuilder.statuses.TwitterEndtoEndTest -->
