<?xml version="1.0" encoding="UTF-8"?>
<!-- Generated by org.testng.reporters.JUnitReportReporter -->
<testsuite skipped="0" hostname="Olasunkanmis-MacBook-Pro.local" name="twitter.CompleteTwitterWorkflowTest" tests="3" failures="0" timestamp="28 May 2018 15:24:12 GMT" time="4.264" errors="0">
  <testcase name="deleteTweet" time="0.322" classname="twitter.CompleteTwitterWorkflowTest"/>
  <testcase name="firstTweet" time="3.591" classname="twitter.CompleteTwitterWorkflowTest"/>
  <testcase name="showTweet" time="0.351" classname="twitter.CompleteTwitterWorkflowTest"/>
</testsuite> <!-- twitter.CompleteTwitterWorkflowTest -->
