<?xml version="1.0" encoding="UTF-8"?>
<!-- Generated by org.testng.reporters.JUnitReportReporter -->
<testsuite skipped="0" hostname="Olasunkanmis-MacBook-Pro.local" name="twitter.CompleteTwitterWorkflowTest" tests="1" failures="0" timestamp="28 May 2018 14:45:00 GMT" time="3.173" errors="0">
  <testcase name="firstTweet" time="3.173" classname="twitter.CompleteTwitterWorkflowTest"/>
</testsuite> <!-- twitter.CompleteTwitterWorkflowTest -->
