<?xml version="1.0" encoding="UTF-8"?>
<!-- Generated by org.testng.reporters.JUnitReportReporter -->
<testsuite skipped="2" hostname="Olasunkanmis-MacBook-Pro.local" name="basics.POSTRequestTest2" tests="3" failures="0" timestamp="20 May 2018 04:48:35 GMT" time="0.228" errors="0">
  <testcase name="getRequestTwo" time="0.228" classname="basics.POSTRequestTest2"/>
  <testcase name="getRequest" classname="basics.POSTRequestTest2">
    <skipped/>
  </testcase> <!-- getRequest -->
  <testcase name="deleteRequest" classname="basics.POSTRequestTest2">
    <skipped/>
  </testcase> <!-- deleteRequest -->
</testsuite> <!-- basics.POSTRequestTest2 -->
