<?xml version="1.0" encoding="UTF-8"?>
<!-- Generated by org.testng.reporters.JUnitReportReporter -->
<testsuite skipped="1" hostname="WFMAC22.local" name="basics.GETRequestTest" tests="2" failures="0" timestamp="22 May 2018 15:00:07 GMT" time="2.749" errors="0">
  <testcase name="getRequestBody" time="2.749" classname="basics.GETRequestTest"/>
  <testcase name="getRequest" classname="basics.GETRequestTest">
    <skipped/>
  </testcase> <!-- getRequest -->
</testsuite> <!-- basics.GETRequestTest -->
