<?xml version="1.0" encoding="UTF-8"?>
<!-- Generated by org.testng.reporters.JUnitReportReporter -->
<testsuite skipped="1" hostname="WFMAC22.local" name="twitter.CompleteTwitterWorkflowTest" tests="3" failures="0" timestamp="30 May 2018 16:13:35 GMT" time="3.315" errors="0">
  <testcase name="firstTweet" time="3.040" classname="twitter.CompleteTwitterWorkflowTest"/>
  <testcase name="showTweet" time="0.275" classname="twitter.CompleteTwitterWorkflowTest"/>
  <testcase name="deleteTweet" classname="twitter.CompleteTwitterWorkflowTest">
    <skipped/>
  </testcase> <!-- deleteTweet -->
</testsuite> <!-- twitter.CompleteTwitterWorkflowTest -->
