<?xml version="1.0" encoding="UTF-8"?>
<!-- Generated by org.testng.reporters.JUnitReportReporter -->
<testsuite skipped="2" hostname="Olasunkanmis-MacBook-Pro.local" name="basics.POSTRequest2Test" tests="3" failures="0" timestamp="20 May 2018 15:04:58 GMT" time="3.096" errors="0">
  <testcase name="getRequestTwo" time="3.096" classname="basics.POSTRequest2Test"/>
  <testcase name="getRequest" classname="basics.POSTRequest2Test">
    <skipped/>
  </testcase> <!-- getRequest -->
  <testcase name="deleteRequest" classname="basics.POSTRequest2Test">
    <skipped/>
  </testcase> <!-- deleteRequest -->
</testsuite> <!-- basics.POSTRequest2Test -->
