<?xml version="1.0" encoding="UTF-8"?>
<!-- Generated by org.testng.reporters.JUnitReportReporter -->
<testsuite skipped="0" hostname="Olasunkanmis-MacBook-Pro.local" name="twitter.PostStatusesTest" tests="3" failures="0" timestamp="22 May 2018 03:40:22 GMT" time="3.818" errors="0">
  <testcase name="deleteTweet" time="0.858" classname="twitter.PostStatusesTest"/>
  <testcase name="postRequest" time="2.616" classname="twitter.PostStatusesTest"/>
  <testcase name="showTweet" time="0.344" classname="twitter.PostStatusesTest"/>
</testsuite> <!-- twitter.PostStatusesTest -->
